0 info it worked if it ends with ok
1 verbose cli [ '/usr/local/bin/node', '/usr/local/bin/npm', 'start' ]
2 info using npm@3.10.10
3 info using node@v6.11.0
4 verbose run-script [ 'prestart', 'start', 'poststart' ]
5 info lifecycle investortownhall.com@1.0.0~prestart: investortownhall.com@1.0.0
6 silly lifecycle investortownhall.com@1.0.0~prestart: no script for prestart, continuing
7 info lifecycle investortownhall.com@1.0.0~start: investortownhall.com@1.0.0
8 verbose lifecycle investortownhall.com@1.0.0~start: unsafe-perm in lifecycle true
9 verbose lifecycle investortownhall.com@1.0.0~start: PATH: /usr/local/lib/node_modules/npm/bin/node-gyp-bin:/Users/the4thestate/GitHub/intestortownhall/node_modules/.bin:/usr/bin:/bin:/usr/sbin:/sbin:/usr/local/bin:/opt/X11/bin:/usr/local/share/dotnet:/Library/Frameworks/Mono.framework/Versions/Current/Commands:/Users/the4thestate/bin:/Users/the4thestate/bin
10 verbose lifecycle investortownhall.com@1.0.0~start: CWD: /Users/the4thestate/GitHub/intestortownhall
11 silly lifecycle investortownhall.com@1.0.0~start: Args: [ '-c', 'node index.config.js' ]
12 silly lifecycle investortownhall.com@1.0.0~start: Returned: code: 1  signal: null
13 info lifecycle investortownhall.com@1.0.0~start: Failed to exec start script
14 verbose stack Error: investortownhall.com@1.0.0 start: `node index.config.js`
14 verbose stack Exit status 1
14 verbose stack     at EventEmitter.<anonymous> (/usr/local/lib/node_modules/npm/lib/utils/lifecycle.js:255:16)
14 verbose stack     at emitTwo (events.js:106:13)
14 verbose stack     at EventEmitter.emit (events.js:191:7)
14 verbose stack     at ChildProcess.<anonymous> (/usr/local/lib/node_modules/npm/lib/utils/spawn.js:40:14)
14 verbose stack     at emitTwo (events.js:106:13)
14 verbose stack     at ChildProcess.emit (events.js:191:7)
14 verbose stack     at maybeClose (internal/child_process.js:891:16)
14 verbose stack     at Process.ChildProcess._handle.onexit (internal/child_process.js:226:5)
15 verbose pkgid investortownhall.com@1.0.0
16 verbose cwd /Users/the4thestate/GitHub/intestortownhall/src
17 error Darwin 16.6.0
18 error argv "/usr/local/bin/node" "/usr/local/bin/npm" "start"
19 error node v6.11.0
20 error npm  v3.10.10
21 error code ELIFECYCLE
22 error investortownhall.com@1.0.0 start: `node index.config.js`
22 error Exit status 1
23 error Failed at the investortownhall.com@1.0.0 start script 'node index.config.js'.
23 error Make sure you have the latest version of node.js and npm installed.
23 error If you do, this is most likely a problem with the investortownhall.com package,
23 error not with npm itself.
23 error Tell the author that this fails on your system:
23 error     node index.config.js
23 error You can get information on how to open an issue for this project with:
23 error     npm bugs investortownhall.com
23 error Or if that isn't available, you can get their info via:
23 error     npm owner ls investortownhall.com
23 error There is likely additional logging output above.
24 verbose exit [ 1, true ]
